<?xml version="1.0" encoding="UTF-8"?>
<!-- Generated by org.testng.reporters.JUnitXMLReporter -->
<testsuite hostname="Prasanna-PC" ignored="0" name="Free CRM App Test Cases" tests="3" failures="1" timestamp="10 May 2018 07:35:34 GMT" time="58.068" errors="0">
  <testcase name="verifyFreeCRMLogoTest" time="0.195" classname="com.crm.testcases.LoginPageTest"/>
  <testcase name="titleTest" time="0.038" classname="com.crm.testcases.LoginPageTest"/>
  <testcase name="verifyLoginTest" time="3.409" classname="com.crm.testcases.LoginPageTest">
    <failure type="java.lang.AssertionError" message="expected [CRMPRO] but found [Free CRM software in the cloud powers sales and customer service]">
      <![CDATA[java.lang.AssertionError: expected [CRMPRO] but found [Free CRM software in the cloud powers sales and customer service]at com.crm.testcases.LoginPageTest.verifyLoginTest(LoginPageTest.java:43)... Removed 31 stack frames]]>
    </failure>
  </testcase> <!-- verifyLoginTest -->
</testsuite> <!-- Free CRM App Test Cases -->
