<?xml version="1.0" encoding="UTF-8"?>
<!-- Generated by org.testng.reporters.JUnitXMLReporter -->
<testsuite hostname="Prasanna-PC" ignored="0" name="Free CRM App Test Cases" tests="3" failures="0" timestamp="23 Apr 2018 17:39:34 GMT" time="60.166" errors="0">
  <testcase name="verifyFreeCRMLogoTest" time="0.177" classname="com.crm.testcases.LoginPageTest"/>
  <testcase name="titleTest" time="0.046" classname="com.crm.testcases.LoginPageTest"/>
  <testcase name="verifyLoginTest" time="8.694" classname="com.crm.testcases.LoginPageTest"/>
</testsuite> <!-- Free CRM App Test Cases -->
