<?xml version="1.0" encoding="UTF-8"?>
<!-- Generated by org.testng.reporters.JUnitXMLReporter -->
<testsuite hostname="Prasanna-PC" ignored="2" name="Default test" tests="1" failures="0" timestamp="06 May 2018 07:04:02 GMT" time="26.147" errors="0">
  <testcase name="verifyLoginTest" time="11.807" classname="com.crm.testcases.LoginPageTest"/>
  <testcase name="verifyFreeCRMLogoTest" time="0.0" classname="com.crm.testcases.LoginPageTest">
    <ignored/>
  </testcase> <!-- verifyFreeCRMLogoTest -->
  <testcase name="titleTest" time="0.0" classname="com.crm.testcases.LoginPageTest">
    <ignored/>
  </testcase> <!-- titleTest -->
</testsuite> <!-- Default test -->
