<?xml version="1.0" encoding="UTF-8"?>
<testng-results skipped="0" failed="0" ignored="0" total="3" passed="3">
  <reporter-output>
  </reporter-output>
  <suite name="FREE CRM Application Test Automation Test Suite" duration-ms="71080" started-at="2018-05-10T07:39:36Z" finished-at="2018-05-10T07:40:47Z">
    <groups>
    </groups>
    <test name="Free CRM App Test Cases" duration-ms="71080" started-at="2018-05-10T07:39:36Z" finished-at="2018-05-10T07:40:47Z">
      <class name="com.crm.testcases.LoginPageTest">
        <test-method status="PASS" signature="setUp()[pri:0, instance:com.crm.testcases.LoginPageTest@4909b8da]" name="setUp" is-config="true" duration-ms="17719" started-at="2018-05-10T13:09:36Z" finished-at="2018-05-10T13:09:54Z">
          <reporter-output>
          </reporter-output>
        </test-method> <!-- setUp -->
        <test-method status="PASS" signature="verifyFreeCRMLogoTest()[pri:1, instance:com.crm.testcases.LoginPageTest@4909b8da]" name="verifyFreeCRMLogoTest" duration-ms="142" started-at="2018-05-10T13:09:54Z" finished-at="2018-05-10T13:09:54Z">
          <reporter-output>
          </reporter-output>
        </test-method> <!-- verifyFreeCRMLogoTest -->
        <test-method status="PASS" signature="tearDown()[pri:0, instance:com.crm.testcases.LoginPageTest@4909b8da]" name="tearDown" is-config="true" duration-ms="814" started-at="2018-05-10T13:09:54Z" finished-at="2018-05-10T13:09:55Z">
          <reporter-output>
          </reporter-output>
        </test-method> <!-- tearDown -->
        <test-method status="PASS" signature="setUp()[pri:0, instance:com.crm.testcases.LoginPageTest@4909b8da]" name="setUp" is-config="true" duration-ms="18031" started-at="2018-05-10T13:09:55Z" finished-at="2018-05-10T13:10:13Z">
          <reporter-output>
          </reporter-output>
        </test-method> <!-- setUp -->
        <test-method status="PASS" signature="titleTest()[pri:2, instance:com.crm.testcases.LoginPageTest@4909b8da]" name="titleTest" duration-ms="33" started-at="2018-05-10T13:10:13Z" finished-at="2018-05-10T13:10:13Z">
          <reporter-output>
          </reporter-output>
        </test-method> <!-- titleTest -->
        <test-method status="PASS" signature="tearDown()[pri:0, instance:com.crm.testcases.LoginPageTest@4909b8da]" name="tearDown" is-config="true" duration-ms="823" started-at="2018-05-10T13:10:13Z" finished-at="2018-05-10T13:10:14Z">
          <reporter-output>
          </reporter-output>
        </test-method> <!-- tearDown -->
        <test-method status="PASS" signature="setUp()[pri:0, instance:com.crm.testcases.LoginPageTest@4909b8da]" name="setUp" is-config="true" duration-ms="13734" started-at="2018-05-10T13:10:14Z" finished-at="2018-05-10T13:10:27Z">
          <reporter-output>
          </reporter-output>
        </test-method> <!-- setUp -->
        <test-method status="PASS" signature="verifyLoginTest()[pri:3, instance:com.crm.testcases.LoginPageTest@4909b8da]" name="verifyLoginTest" duration-ms="18158" started-at="2018-05-10T13:10:27Z" finished-at="2018-05-10T13:10:46Z">
          <reporter-output>
          </reporter-output>
        </test-method> <!-- verifyLoginTest -->
        <test-method status="PASS" signature="tearDown()[pri:0, instance:com.crm.testcases.LoginPageTest@4909b8da]" name="tearDown" is-config="true" duration-ms="1577" started-at="2018-05-10T13:10:46Z" finished-at="2018-05-10T13:10:47Z">
          <reporter-output>
          </reporter-output>
        </test-method> <!-- tearDown -->
      </class> <!-- com.crm.testcases.LoginPageTest -->
    </test> <!-- Free CRM App Test Cases -->
  </suite> <!-- FREE CRM Application Test Automation Test Suite -->
</testng-results>
