<?xml version="1.0" encoding="UTF-8"?>
<testng-results skipped="0" failed="0" ignored="0" total="3" passed="3">
  <reporter-output>
  </reporter-output>
  <suite name="FREE CRM Application Test Automation Test Suite" duration-ms="60166" started-at="2018-04-23T17:38:33Z" finished-at="2018-04-23T17:39:34Z">
    <groups>
    </groups>
    <test name="Free CRM App Test Cases" duration-ms="60166" started-at="2018-04-23T17:38:33Z" finished-at="2018-04-23T17:39:34Z">
      <class name="com.crm.testcases.LoginPageTest">
        <test-method status="PASS" signature="setUp()[pri:0, instance:com.crm.testcases.LoginPageTest@5622fdf]" name="setUp" is-config="true" duration-ms="17661" started-at="2018-04-23T23:08:33Z" finished-at="2018-04-23T23:08:51Z">
          <reporter-output>
          </reporter-output>
        </test-method> <!-- setUp -->
        <test-method status="PASS" signature="verifyFreeCRMLogoTest()[pri:1, instance:com.crm.testcases.LoginPageTest@5622fdf]" name="verifyFreeCRMLogoTest" duration-ms="177" started-at="2018-04-23T23:08:51Z" finished-at="2018-04-23T23:08:51Z">
          <reporter-output>
          </reporter-output>
        </test-method> <!-- verifyFreeCRMLogoTest -->
        <test-method status="PASS" signature="tearDown()[pri:0, instance:com.crm.testcases.LoginPageTest@5622fdf]" name="tearDown" is-config="true" duration-ms="1010" started-at="2018-04-23T23:08:51Z" finished-at="2018-04-23T23:08:52Z">
          <reporter-output>
          </reporter-output>
        </test-method> <!-- tearDown -->
        <test-method status="PASS" signature="setUp()[pri:0, instance:com.crm.testcases.LoginPageTest@5622fdf]" name="setUp" is-config="true" duration-ms="15332" started-at="2018-04-23T23:08:52Z" finished-at="2018-04-23T23:09:08Z">
          <reporter-output>
          </reporter-output>
        </test-method> <!-- setUp -->
        <test-method status="PASS" signature="titleTest()[pri:2, instance:com.crm.testcases.LoginPageTest@5622fdf]" name="titleTest" duration-ms="46" started-at="2018-04-23T23:09:08Z" finished-at="2018-04-23T23:09:08Z">
          <reporter-output>
          </reporter-output>
        </test-method> <!-- titleTest -->
        <test-method status="PASS" signature="tearDown()[pri:0, instance:com.crm.testcases.LoginPageTest@5622fdf]" name="tearDown" is-config="true" duration-ms="1276" started-at="2018-04-23T23:09:08Z" finished-at="2018-04-23T23:09:09Z">
          <reporter-output>
          </reporter-output>
        </test-method> <!-- tearDown -->
        <test-method status="PASS" signature="setUp()[pri:0, instance:com.crm.testcases.LoginPageTest@5622fdf]" name="setUp" is-config="true" duration-ms="14292" started-at="2018-04-23T23:09:09Z" finished-at="2018-04-23T23:09:23Z">
          <reporter-output>
          </reporter-output>
        </test-method> <!-- setUp -->
        <test-method status="PASS" signature="verifyLoginTest()[pri:3, instance:com.crm.testcases.LoginPageTest@5622fdf]" name="verifyLoginTest" duration-ms="8694" started-at="2018-04-23T23:09:23Z" finished-at="2018-04-23T23:09:32Z">
          <reporter-output>
          </reporter-output>
        </test-method> <!-- verifyLoginTest -->
        <test-method status="PASS" signature="tearDown()[pri:0, instance:com.crm.testcases.LoginPageTest@5622fdf]" name="tearDown" is-config="true" duration-ms="1578" started-at="2018-04-23T23:09:32Z" finished-at="2018-04-23T23:09:34Z">
          <reporter-output>
          </reporter-output>
        </test-method> <!-- tearDown -->
      </class> <!-- com.crm.testcases.LoginPageTest -->
    </test> <!-- Free CRM App Test Cases -->
  </suite> <!-- FREE CRM Application Test Automation Test Suite -->
</testng-results>
