<?xml version="1.0" encoding="UTF-8"?>
<!-- Generated by org.testng.reporters.JUnitXMLReporter -->
<testsuite hostname="Prasanna-PC" ignored="0" name="Free CRM App Test Cases" tests="3" failures="0" timestamp="05 May 2018 20:11:40 GMT" time="115.886" errors="0">
  <testcase name="verifyFreeCRMLogoTest" time="0.181" classname="com.crm.testcases.LoginPageTest"/>
  <testcase name="titleTest" time="0.038" classname="com.crm.testcases.LoginPageTest"/>
  <testcase name="verifyLoginTest" time="21.526" classname="com.crm.testcases.LoginPageTest"/>
</testsuite> <!-- Free CRM App Test Cases -->
