<?xml version="1.0" encoding="UTF-8"?>
<!-- Generated by org.testng.reporters.JUnitXMLReporter -->
<testsuite hostname="Prasanna-PC" ignored="0" name="Free CRM App Test Cases" tests="3" failures="0" timestamp="10 May 2018 07:40:47 GMT" time="71.08" errors="0">
  <testcase name="verifyFreeCRMLogoTest" time="0.142" classname="com.crm.testcases.LoginPageTest"/>
  <testcase name="titleTest" time="0.033" classname="com.crm.testcases.LoginPageTest"/>
  <testcase name="verifyLoginTest" time="18.158" classname="com.crm.testcases.LoginPageTest"/>
</testsuite> <!-- Free CRM App Test Cases -->
